<?xml version="1.0" encoding="UTF-8"?>
<!-- Generated by org.testng.reporters.JUnitReportReporter -->
<testsuite skipped="0" hostname="veravalli-PC" name="RGC.RGCProject.RGCLoginTest" tests="2" failures="0" timestamp="23 Jul 2019 07:50:35 GMT" time="25.322" errors="0">
  <testcase name="RGC_Login" time="12.793" classname="RGC.RGCProject.RGCLoginTest"/>
  <testcase name="RGC_Recharge" time="12.529" classname="RGC.RGCProject.RGCLoginTest"/>
</testsuite> <!-- RGC.RGCProject.RGCLoginTest -->
