<?xml version="1.0" encoding="UTF-8"?>
<!-- Generated by org.testng.reporters.JUnitReportReporter -->
<testsuite skipped="0" hostname="veravalli-PC" name="RGC.RGCProject.RGCLoginTest" tests="2" failures="0" timestamp="23 Jul 2019 13:03:12 GMT" time="34.795" errors="0">
  <testcase name="RGC_Login" time="18.339" classname="RGC.RGCProject.RGCLoginTest"/>
  <testcase name="RGC_Recharge" time="16.456" classname="RGC.RGCProject.RGCLoginTest"/>
</testsuite> <!-- RGC.RGCProject.RGCLoginTest -->
